\BOOKMARK [1][-]{section.1}{Introduction}{}% 1
\BOOKMARK [2][-]{subsection.1.1}{Quickstart Guide}{section.1}% 2
\BOOKMARK [2][-]{subsection.1.2}{Overview}{section.1}% 3
\BOOKMARK [2][-]{subsection.1.3}{Target audience}{section.1}% 4
\BOOKMARK [2][-]{subsection.1.4}{Experimental workflow}{section.1}% 5
\BOOKMARK [2][-]{subsection.1.5}{Getting the most out of MARGO}{section.1}% 6
\BOOKMARK [1][-]{section.2}{Hardware Setup}{}% 7
\BOOKMARK [2][-]{subsection.2.1}{Tracking box}{section.2}% 8
\BOOKMARK [2][-]{subsection.2.2}{Individual behavioral arenas}{section.2}% 9
\BOOKMARK [2][-]{subsection.2.3}{Illumination}{section.2}% 10
\BOOKMARK [2][-]{subsection.2.4}{Camera configuration}{section.2}% 11
\BOOKMARK [3][-]{subsubsection.2.4.1}{camera detection}{subsection.2.4}% 12
\BOOKMARK [3][-]{subsubsection.2.4.2}{camera modes}{subsection.2.4}% 13
\BOOKMARK [3][-]{subsubsection.2.4.3}{camera settings}{subsection.2.4}% 14
\BOOKMARK [1][-]{section.3}{Starting a New Experiment}{}% 15
\BOOKMARK [2][-]{subsection.3.1}{Confirm camera and camera mode}{section.3}% 16
\BOOKMARK [2][-]{subsection.3.2}{ROI detection}{section.3}% 17
\BOOKMARK [2][-]{subsection.3.3}{Background referencing}{section.3}% 18
\BOOKMARK [2][-]{subsection.3.4}{Noise profiling}{section.3}% 19
\BOOKMARK [2][-]{subsection.3.5}{Experiment settings}{section.3}% 20
\BOOKMARK [3][-]{subsubsection.3.5.1}{select experiment}{subsection.3.5}% 21
\BOOKMARK [3][-]{subsubsection.3.5.2}{parameters}{subsection.3.5}% 22
\BOOKMARK [3][-]{subsubsection.3.5.3}{labels}{subsection.3.5}% 23
\BOOKMARK [3][-]{subsubsection.3.5.4}{save path}{subsection.3.5}% 24
\BOOKMARK [2][-]{subsection.3.6}{Save your settings - recommended}{section.3}% 25
\BOOKMARK [1][-]{section.4}{Running Analysis}{}% 26
\BOOKMARK [1][-]{section.5}{Data Output}{}% 27
\BOOKMARK [2][-]{subsection.5.1}{Raw data}{section.5}% 28
\BOOKMARK [2][-]{subsection.5.2}{Master data struct \(expmt\)}{section.5}% 29
\BOOKMARK [3][-]{subsubsection.5.2.1}{experiment meta data}{subsection.5.2}% 30
\BOOKMARK [3][-]{subsubsection.5.2.2}{Memory mapped raw data}{subsection.5.2}% 31
\BOOKMARK [3][-]{subsubsection.5.2.3}{auto-processed centroid features}{subsection.5.2}% 32
\BOOKMARK [2][-]{subsection.5.3}{Figures}{section.5}% 33
\BOOKMARK [3][-]{subsubsection.5.3.1}{Raw Trace Browser}{subsection.5.3}% 34
\BOOKMARK [1][-]{section.6}{Advanced Tracking Features}{}% 35
\BOOKMARK [2][-]{subsection.6.1}{Tracking parameters}{section.6}% 36
\BOOKMARK [2][-]{subsection.6.2}{Converting pixel units to mm}{section.6}% 37
\BOOKMARK [2][-]{subsection.6.3}{Camera calibration}{section.6}% 38
\BOOKMARK [2][-]{subsection.6.4}{Vignette correction}{section.6}% 39
\BOOKMARK [2][-]{subsection.6.5}{Video recording}{section.6}% 40
\BOOKMARK [2][-]{subsection.6.6}{Tracking performance}{section.6}% 41
\BOOKMARK [1][-]{section.7}{Creating a Custom Experiment}{}% 42
\BOOKMARK [2][-]{subsection.7.1}{Run file template}{section.7}% 43
\BOOKMARK [2][-]{subsection.7.2}{Analyze file template}{section.7}% 44
\BOOKMARK [1][-]{section.8}{Visual Stimulus Delivery with Psychtoolbox}{}% 45
\BOOKMARK [2][-]{subsection.8.1}{Projector box}{section.8}% 46
\BOOKMARK [2][-]{subsection.8.2}{Registering the projector to the camera}{section.8}% 47
\BOOKMARK [2][-]{subsection.8.3}{Using registration output in experiments}{section.8}% 48
\BOOKMARK [1][-]{section.9}{Tracking with Video Input}{}% 49
